Procopy session begin for delsuckahh on batch. (451)

Formatting extents:
   size                area name   path name
      4    Primary Recovery Area C:\Progressio\helloworld\target\db\db.b1 00:00:00
     16              Schema Area C:\Progressio\helloworld\target\db\db.d1 00:00:00

Copying C:\Progress\OpenEdge\empty8 to db... (6715)

Start writing data blocks. (6718)
15:07:59 10 Percent complete.
15:07:59 20 Percent complete.
15:07:59 30 Percent complete.
15:07:59 40 Percent complete.
15:07:59 50 Percent complete.
15:07:59 60 Percent complete.
15:07:59 70 Percent complete.
15:07:59 80 Percent complete.
15:07:59 90 Percent complete.
15:07:59 100 Percent complete.
405 blocks copied. (6720)

...Copy complete. (6722)
Database copied from C:\Progress\OpenEdge\empty8. (1365)
Procopy session end. (334)
